<?xml version="1.0" encoding="UTF-8"?>
<testsuite xmlns:xsi="http://www.w3.org/2001/XMLSchema-instance" xsi:noNamespaceSchemaLocation="https://maven.apache.org/surefire/maven-surefire-plugin/xsd/surefire-test-report-3.0.xsd" version="3.0" name="seres.TesteRecurso" time="0.015" tests="4" errors="0" skipped="0" failures="0">
  <properties>
[...]
</properties>
  <testcase name="testeEnche" classname="seres.TesteRecurso" time="0.001"/>
  <testcase name="testeZera" classname="seres.TesteRecurso" time="0.001"/>
  <testcase name="testeProporcaoMaiorQue1" classname="seres.TesteRecurso" time="0.002"/>
  <testcase name="testeProporçao" classname="seres.TesteRecurso" time="0.002"/>
</testsuite>